{
  "RSpec": {
    "coverage": {
      "/Users/_Aodhan_/Projects/week-6/MakersBnB/spec/feature_tests/ui_tests_spec.rb": [
        1,
        null,
        1,
        1,
        1,
        1,
        null,
        null,
        null,
        null,
        null,
        null,
        null,
        null,
        null,
        null,
        null,
        null,
        null,
        null,
        null,
        1,
        1,
        1,
        1,
        1,
        1,
        1,
        null,
        null,
        1,
        1,
        1,
        1,
        1,
        1,
        1,
        1,
        1,
        1,
        1,
        1,
        1,
        1,
        null,
        null,
        null,
        null,
        null,
        null,
        null,
        null,
        null,
        null
      ],
      "/Users/_Aodhan_/Projects/week-6/MakersBnB/spec/unit_tests/date_range_spec.rb": [
        1,
        null,
        1,
        1,
        null,
        null,
        null
      ],
      "/Users/_Aodhan_/Projects/week-6/MakersBnB/app/models/date_range.rb": [
        1,
        null,
        1,
        null,
        1,
        1,
        4,
        null,
        1,
        1,
        null,
        null,
        1,
        null,
        1,
        2,
        null,
        null,
        null
      ],
      "/Users/_Aodhan_/Projects/week-6/MakersBnB/spec/unit_tests/password_spec.rb": [
        1,
        null,
        1,
        1,
        null,
        null,
        1,
        1,
        null,
        null,
        1,
        1,
        null,
        null,
        null
      ],
      "/Users/_Aodhan_/Projects/week-6/MakersBnB/app/models/password.rb": [
        1,
        null,
        1,
        5,
        5,
        null,
        3,
        null,
        null,
        null
      ],
      "/Users/_Aodhan_/Projects/week-6/MakersBnB/app/controllers/users_controller.rb": [
        1,
        1,
        null,
        null,
        1,
        0,
        null,
        null,
        0,
        0,
        null,
        null
      ],
      "/Users/_Aodhan_/Projects/week-6/MakersBnB/app/controllers/application_controller.rb": [
        1,
        null
      ],
      "/Users/simon/Projects/MakersBnB/app/controllers/sessions_controller.rb": [
        1,
        1,
        null,
        null,
        1,
        2,
        2,
        2,
        null,
        0,
        null,
        null,
        null,
        1,
        null,
        null
      ],
      "/Users/simon/Projects/MakersBnB/app/controllers/spaces_controller.rb": [
        1,
        1,
        null,
        null,
        1,
        1,
        1,
        null,
        null,
        1,
        3,
        3,
        null,
        null,
        null
      ]
    },
    "timestamp": 1550075522
  }
}
